Flow report for ripple_carry
Mon Oct 28 12:41:14 2024
Quartus Prime Version 23.1std.1 Build 993 05/14/2024 SC Lite Edition


---------------------
; Table of Contents ;
---------------------
  1. Legal Notice
  2. Flow Summary
  3. Flow Settings
  4. Flow Non-Default Global Settings
  5. Flow Elapsed Time
  6. Flow OS Summary
  7. Flow Log
  8. Flow Messages
  9. Flow Suppressed Messages



----------------
; Legal Notice ;
----------------
Copyright (C) 2024  Intel Corporation. All rights reserved.
Your use of Intel Corporation's design tools, logic functions 
and other software and tools, and any partner logic 
functions, and any output files from any of the foregoing 
(including device programming or simulation files), and any 
associated documentation or information are expressly subject 
to the terms and conditions of the Intel Program License 
Subscription Agreement, the Intel Quartus Prime License Agreement,
the Intel FPGA IP License Agreement, or other applicable license
agreement, including, without limitation, that your use is for
the sole purpose of programming logic devices manufactured by
Intel and sold by Intel or its authorized distributors.  Please
refer to the applicable agreement for further details, at
https://fpgasoftware.intel.com/eula.



+----------------------------------------------------------------------------------+
; Flow Summary                                                                     ;
+---------------------------------+------------------------------------------------+
; Flow Status                     ; Successful - Mon Oct 28 12:41:14 2024          ;
; Quartus Prime Version           ; 23.1std.1 Build 993 05/14/2024 SC Lite Edition ;
; Revision Name                   ; ripple_carry                                   ;
; Top-level Entity Name           ; ripple_carry                                   ;
; Family                          ; Cyclone V                                      ;
; Device                          ; 5CSXFC6D6F31C6                                 ;
; Timing Models                   ; Final                                          ;
; Logic utilization (in ALMs)     ; 4 / 41,910 ( < 1 % )                           ;
; Total registers                 ; 0                                              ;
; Total pins                      ; 14 / 499 ( 3 % )                               ;
; Total virtual pins              ; 0                                              ;
; Total block memory bits         ; 0 / 5,662,720 ( 0 % )                          ;
; Total DSP Blocks                ; 0 / 112 ( 0 % )                                ;
; Total HSSI RX PCSs              ; 0 / 9 ( 0 % )                                  ;
; Total HSSI PMA RX Deserializers ; 0 / 9 ( 0 % )                                  ;
; Total HSSI TX PCSs              ; 0 / 9 ( 0 % )                                  ;
; Total HSSI PMA TX Serializers   ; 0 / 9 ( 0 % )                                  ;
; Total PLLs                      ; 0 / 15 ( 0 % )                                 ;
; Total DLLs                      ; 0 / 4 ( 0 % )                                  ;
+---------------------------------+------------------------------------------------+


+-----------------------------------------+
; Flow Settings                           ;
+-------------------+---------------------+
; Option            ; Setting             ;
+-------------------+---------------------+
; Start date & time ; 10/28/2024 12:21:50 ;
; Main task         ; Compilation         ;
; Revision Name     ; ripple_carry        ;
+-------------------+---------------------+


+--------------------------------------------------------------------------------------------------------------------------------------------------+
; Flow Non-Default Global Settings                                                                                                                 ;
+-------------------------------------+----------------------------------------+---------------+---------------+-----------------------------------+
; Assignment Name                     ; Value                                  ; Default Value ; Entity Name   ; Section Id                        ;
+-------------------------------------+----------------------------------------+---------------+---------------+-----------------------------------+
; COMPILER_SIGNATURE_ID               ; 24271721295661.173014331021144         ; --            ; --            ; --                                ;
; EDA_GENERATE_FUNCTIONAL_NETLIST     ; Off                                    ; --            ; --            ; eda_board_design_timing           ;
; EDA_GENERATE_FUNCTIONAL_NETLIST     ; Off                                    ; --            ; --            ; eda_board_design_boundary_scan    ;
; EDA_GENERATE_FUNCTIONAL_NETLIST     ; Off                                    ; --            ; --            ; eda_board_design_signal_integrity ;
; EDA_GENERATE_FUNCTIONAL_NETLIST     ; Off                                    ; --            ; --            ; eda_board_design_symbol           ;
; EDA_OUTPUT_DATA_FORMAT              ; Vhdl                                   ; --            ; --            ; eda_simulation                    ;
; EDA_SIMULATION_TOOL                 ; Questa Intel FPGA (VHDL)               ; <None>        ; --            ; --                                ;
; EDA_TIME_SCALE                      ; 1 ps                                   ; --            ; --            ; eda_simulation                    ;
; MAX_CORE_JUNCTION_TEMP              ; 85                                     ; --            ; --            ; --                                ;
; MIN_CORE_JUNCTION_TEMP              ; 0                                      ; --            ; --            ; --                                ;
; PARTITION_COLOR                     ; -- (Not supported for targeted family) ; --            ; DE10_Standard ; Top                               ;
; PARTITION_COLOR                     ; -- (Not supported for targeted family) ; --            ; de10          ; Top                               ;
; PARTITION_COLOR                     ; -- (Not supported for targeted family) ; --            ; --            ; Top                               ;
; PARTITION_FITTER_PRESERVATION_LEVEL ; -- (Not supported for targeted family) ; --            ; DE10_Standard ; Top                               ;
; PARTITION_FITTER_PRESERVATION_LEVEL ; -- (Not supported for targeted family) ; --            ; de10          ; Top                               ;
; PARTITION_FITTER_PRESERVATION_LEVEL ; -- (Not supported for targeted family) ; --            ; --            ; Top                               ;
; PARTITION_NETLIST_TYPE              ; -- (Not supported for targeted family) ; --            ; DE10_Standard ; Top                               ;
; PARTITION_NETLIST_TYPE              ; -- (Not supported for targeted family) ; --            ; de10          ; Top                               ;
; PARTITION_NETLIST_TYPE              ; -- (Not supported for targeted family) ; --            ; --            ; Top                               ;
; PROJECT_OUTPUT_DIRECTORY            ; output_files                           ; --            ; --            ; --                                ;
+-------------------------------------+----------------------------------------+---------------+---------------+-----------------------------------+


+--------------------------------------------------------------------------------------------------------------------------+
; Flow Elapsed Time                                                                                                        ;
+----------------------+--------------+-------------------------+---------------------+------------------------------------+
; Module Name          ; Elapsed Time ; Average Processors Used ; Peak Virtual Memory ; Total CPU Time (on all processors) ;
+----------------------+--------------+-------------------------+---------------------+------------------------------------+
; Analysis & Synthesis ; 00:00:10     ; 1.0                     ; 4880 MB             ; 00:00:16                           ;
; Fitter               ; 00:00:53     ; 1.0                     ; 7793 MB             ; 00:02:18                           ;
; Assembler            ; 00:00:07     ; 1.0                     ; 4872 MB             ; 00:00:04                           ;
; Timing Analyzer      ; 00:00:05     ; 1.1                     ; 5247 MB             ; 00:00:03                           ;
; EDA Netlist Writer   ; 00:00:01     ; 1.0                     ; 4720 MB             ; 00:00:01                           ;
; EDA Netlist Writer   ; 00:00:01     ; 1.0                     ; 4719 MB             ; 00:00:01                           ;
; EDA Netlist Writer   ; 00:00:01     ; 1.0                     ; 4723 MB             ; 00:00:01                           ;
; EDA Netlist Writer   ; 00:00:02     ; 1.0                     ; 4719 MB             ; 00:00:01                           ;
; EDA Netlist Writer   ; 00:00:01     ; 1.0                     ; 4723 MB             ; 00:00:01                           ;
; EDA Netlist Writer   ; 00:00:01     ; 1.0                     ; 4719 MB             ; 00:00:01                           ;
; EDA Netlist Writer   ; 00:00:01     ; 1.0                     ; 4732 MB             ; 00:00:01                           ;
; Total                ; 00:01:23     ; --                      ; --                  ; 00:02:48                           ;
+----------------------+--------------+-------------------------+---------------------+------------------------------------+


+------------------------------------------------------------------------------------+
; Flow OS Summary                                                                    ;
+----------------------+------------------+------------+------------+----------------+
; Module Name          ; Machine Hostname ; OS Name    ; OS Version ; Processor type ;
+----------------------+------------------+------------+------------+----------------+
; Analysis & Synthesis ; Michaels-Laptop  ; Windows 10 ; 10.0       ; x86_64         ;
; Fitter               ; Michaels-Laptop  ; Windows 10 ; 10.0       ; x86_64         ;
; Assembler            ; Michaels-Laptop  ; Windows 10 ; 10.0       ; x86_64         ;
; Timing Analyzer      ; Michaels-Laptop  ; Windows 10 ; 10.0       ; x86_64         ;
; EDA Netlist Writer   ; Michaels-Laptop  ; Windows 10 ; 10.0       ; x86_64         ;
; EDA Netlist Writer   ; Michaels-Laptop  ; Windows 10 ; 10.0       ; x86_64         ;
; EDA Netlist Writer   ; Michaels-Laptop  ; Windows 10 ; 10.0       ; x86_64         ;
; EDA Netlist Writer   ; Michaels-Laptop  ; Windows 10 ; 10.0       ; x86_64         ;
; EDA Netlist Writer   ; Michaels-Laptop  ; Windows 10 ; 10.0       ; x86_64         ;
; EDA Netlist Writer   ; Michaels-Laptop  ; Windows 10 ; 10.0       ; x86_64         ;
; EDA Netlist Writer   ; Michaels-Laptop  ; Windows 10 ; 10.0       ; x86_64         ;
+----------------------+------------------+------------+------------+----------------+


------------
; Flow Log ;
------------
quartus_map --read_settings_files=on --write_settings_files=off ripple_carry -c ripple_carry
quartus_fit --read_settings_files=off --write_settings_files=off ripple_carry -c ripple_carry
quartus_asm --read_settings_files=off --write_settings_files=off ripple_carry -c ripple_carry
quartus_sta ripple_carry -c ripple_carry
quartus_eda --read_settings_files=off --write_settings_files=off ripple_carry -c ripple_carry
quartus_eda --gen_testbench --tool=modelsim_oem --format=vhdl --write_settings_files=off ripple_carry -c ripple_carry --vector_source=C:/Users/micha/OneDrive/Documents/GitHub/ENSC-252/lab04/Waveform.vwf --testbench_file=C:/Users/micha/OneDrive/Documents/GitHub/ENSC-252/lab04/simulation/qsim/Waveform.vwf.vht
quartus_eda --write_settings_files=off --simulation=on --functional=on --flatten_buses=off --tool=modelsim_oem --format=vhdl --output_directory=C:/Users/micha/OneDrive/Documents/GitHub/ENSC-252/lab04/simulation/qsim/ ripple_carry -c ripple_carry
quartus_eda --gen_testbench --tool=modelsim_oem --format=vhdl --write_settings_files=off ripple_carry -c ripple_carry --vector_source=C:/Users/micha/OneDrive/Documents/GitHub/ENSC-252/lab04/Waveform.vwf --testbench_file=C:/Users/micha/OneDrive/Documents/GitHub/ENSC-252/lab04/simulation/qsim/Waveform.vwf.vht
quartus_eda --write_settings_files=off --simulation=on --functional=on --flatten_buses=off --tool=modelsim_oem --format=vhdl --output_directory=C:/Users/micha/OneDrive/Documents/GitHub/ENSC-252/lab04/simulation/qsim/ ripple_carry -c ripple_carry
quartus_eda --gen_testbench --tool=modelsim_oem --format=vhdl --write_settings_files=off ripple_carry -c ripple_carry --vector_source=C:/Users/micha/OneDrive/Documents/GitHub/ENSC-252/lab04/Waveform.vwf --testbench_file=C:/Users/micha/OneDrive/Documents/GitHub/ENSC-252/lab04/simulation/qsim/Waveform.vwf.vht
quartus_eda --write_settings_files=off --simulation=on --functional=on --flatten_buses=off --tool=modelsim_oem --format=vhdl --output_directory=C:/Users/micha/OneDrive/Documents/GitHub/ENSC-252/lab04/simulation/qsim/ ripple_carry -c ripple_carry



