Flow report for keys
Sun Nov 17 22:54:18 2024
Quartus Prime Version 23.1std.1 Build 993 05/14/2024 SC Lite Edition


---------------------
; Table of Contents ;
---------------------
  1. Legal Notice
  2. Flow Summary
  3. Flow Settings
  4. Flow Non-Default Global Settings
  5. Flow Elapsed Time
  6. Flow OS Summary
  7. Flow Log
  8. Flow Messages
  9. Flow Suppressed Messages



----------------
; Legal Notice ;
----------------
Copyright (C) 2024  Intel Corporation. All rights reserved.
Your use of Intel Corporation's design tools, logic functions 
and other software and tools, and any partner logic 
functions, and any output files from any of the foregoing 
(including device programming or simulation files), and any 
associated documentation or information are expressly subject 
to the terms and conditions of the Intel Program License 
Subscription Agreement, the Intel Quartus Prime License Agreement,
the Intel FPGA IP License Agreement, or other applicable license
agreement, including, without limitation, that your use is for
the sole purpose of programming logic devices manufactured by
Intel and sold by Intel or its authorized distributors.  Please
refer to the applicable agreement for further details, at
https://fpgasoftware.intel.com/eula.



+----------------------------------------------------------------------------------+
; Flow Summary                                                                     ;
+---------------------------------+------------------------------------------------+
; Flow Status                     ; Successful - Sun Nov 17 22:54:18 2024          ;
; Quartus Prime Version           ; 23.1std.1 Build 993 05/14/2024 SC Lite Edition ;
; Revision Name                   ; keys                                           ;
; Top-level Entity Name           ; keys                                           ;
; Family                          ; Cyclone V                                      ;
; Device                          ; 5CSXFC6D6F31C6                                 ;
; Timing Models                   ; Final                                          ;
; Logic utilization (in ALMs)     ; 234 / 41,910 ( < 1 % )                         ;
; Total registers                 ; 461                                            ;
; Total pins                      ; 9 / 499 ( 2 % )                                ;
; Total virtual pins              ; 0                                              ;
; Total block memory bits         ; 512 / 5,662,720 ( < 1 % )                      ;
; Total DSP Blocks                ; 0 / 112 ( 0 % )                                ;
; Total HSSI RX PCSs              ; 0 / 9 ( 0 % )                                  ;
; Total HSSI PMA RX Deserializers ; 0 / 9 ( 0 % )                                  ;
; Total HSSI TX PCSs              ; 0 / 9 ( 0 % )                                  ;
; Total HSSI PMA TX Serializers   ; 0 / 9 ( 0 % )                                  ;
; Total PLLs                      ; 0 / 15 ( 0 % )                                 ;
; Total DLLs                      ; 0 / 4 ( 0 % )                                  ;
+---------------------------------+------------------------------------------------+


+-----------------------------------------+
; Flow Settings                           ;
+-------------------+---------------------+
; Option            ; Setting             ;
+-------------------+---------------------+
; Start date & time ; 11/17/2024 22:52:18 ;
; Main task         ; Compilation         ;
; Revision Name     ; keys                ;
+-------------------+---------------------+


+--------------------------------------------------------------------------------------------------------------------------------------------------------------+
; Flow Non-Default Global Settings                                                                                                                             ;
+-------------------------------------+----------------------------------------------------+---------------+---------------+-----------------------------------+
; Assignment Name                     ; Value                                              ; Default Value ; Entity Name   ; Section Id                        ;
+-------------------------------------+----------------------------------------------------+---------------+---------------+-----------------------------------+
; COMPILER_SIGNATURE_ID               ; 91767745546.173191273845132                        ; --            ; --            ; --                                ;
; EDA_GENERATE_FUNCTIONAL_NETLIST     ; Off                                                ; --            ; --            ; eda_board_design_timing           ;
; EDA_GENERATE_FUNCTIONAL_NETLIST     ; Off                                                ; --            ; --            ; eda_board_design_boundary_scan    ;
; EDA_GENERATE_FUNCTIONAL_NETLIST     ; Off                                                ; --            ; --            ; eda_board_design_signal_integrity ;
; EDA_GENERATE_FUNCTIONAL_NETLIST     ; Off                                                ; --            ; --            ; eda_board_design_symbol           ;
; EDA_OUTPUT_DATA_FORMAT              ; Vhdl                                               ; --            ; --            ; eda_simulation                    ;
; EDA_SIMULATION_TOOL                 ; Questa Intel FPGA (VHDL)                           ; <None>        ; --            ; --                                ;
; EDA_TIME_SCALE                      ; 1 ps                                               ; --            ; --            ; eda_simulation                    ;
; ENABLE_SIGNALTAP                    ; On                                                 ; --            ; --            ; --                                ;
; PARTITION_COLOR                     ; -- (Not supported for targeted family)             ; --            ; DE10_Standard ; Top                               ;
; PARTITION_COLOR                     ; -- (Not supported for targeted family)             ; --            ; de10          ; Top                               ;
; PARTITION_COLOR                     ; -- (Not supported for targeted family)             ; --            ; --            ; Top                               ;
; PARTITION_FITTER_PRESERVATION_LEVEL ; -- (Not supported for targeted family)             ; --            ; DE10_Standard ; Top                               ;
; PARTITION_FITTER_PRESERVATION_LEVEL ; -- (Not supported for targeted family)             ; --            ; de10          ; Top                               ;
; PARTITION_FITTER_PRESERVATION_LEVEL ; -- (Not supported for targeted family)             ; --            ; --            ; Top                               ;
; PARTITION_NETLIST_TYPE              ; -- (Not supported for targeted family)             ; --            ; DE10_Standard ; Top                               ;
; PARTITION_NETLIST_TYPE              ; -- (Not supported for targeted family)             ; --            ; de10          ; Top                               ;
; PARTITION_NETLIST_TYPE              ; -- (Not supported for targeted family)             ; --            ; --            ; Top                               ;
; PROJECT_OUTPUT_DIRECTORY            ; output_files                                       ; --            ; --            ; --                                ;
; SLD_FILE                            ; db/keys_auto_stripped.stp                          ; --            ; --            ; --                                ;
; SLD_NODE_CREATOR_ID                 ; 110                                                ; --            ; --            ; auto_signaltap_0                  ;
; SLD_NODE_ENTITY_NAME                ; sld_signaltap                                      ; --            ; --            ; auto_signaltap_0                  ;
; SLD_NODE_PARAMETER_ASSIGNMENT       ; SLD_RAM_BLOCK_TYPE=AUTO                            ; --            ; --            ; auto_signaltap_0                  ;
; SLD_NODE_PARAMETER_ASSIGNMENT       ; SLD_DATA_BITS=4                                    ; --            ; --            ; auto_signaltap_0                  ;
; SLD_NODE_PARAMETER_ASSIGNMENT       ; SLD_TRIGGER_BITS=4                                 ; --            ; --            ; auto_signaltap_0                  ;
; SLD_NODE_PARAMETER_ASSIGNMENT       ; SLD_STORAGE_QUALIFIER_BITS=4                       ; --            ; --            ; auto_signaltap_0                  ;
; SLD_NODE_PARAMETER_ASSIGNMENT       ; SLD_NODE_INFO=805334528                            ; --            ; --            ; auto_signaltap_0                  ;
; SLD_NODE_PARAMETER_ASSIGNMENT       ; SLD_POWER_UP_TRIGGER=0                             ; --            ; --            ; auto_signaltap_0                  ;
; SLD_NODE_PARAMETER_ASSIGNMENT       ; SLD_STORAGE_QUALIFIER_INVERSION_MASK_LENGTH=0      ; --            ; --            ; auto_signaltap_0                  ;
; SLD_NODE_PARAMETER_ASSIGNMENT       ; SLD_ATTRIBUTE_MEM_MODE=OFF                         ; --            ; --            ; auto_signaltap_0                  ;
; SLD_NODE_PARAMETER_ASSIGNMENT       ; SLD_STATE_FLOW_USE_GENERATED=0                     ; --            ; --            ; auto_signaltap_0                  ;
; SLD_NODE_PARAMETER_ASSIGNMENT       ; SLD_STATE_BITS=11                                  ; --            ; --            ; auto_signaltap_0                  ;
; SLD_NODE_PARAMETER_ASSIGNMENT       ; SLD_BUFFER_FULL_STOP=1                             ; --            ; --            ; auto_signaltap_0                  ;
; SLD_NODE_PARAMETER_ASSIGNMENT       ; SLD_CURRENT_RESOURCE_WIDTH=1                       ; --            ; --            ; auto_signaltap_0                  ;
; SLD_NODE_PARAMETER_ASSIGNMENT       ; SLD_INCREMENTAL_ROUTING=1                          ; --            ; --            ; auto_signaltap_0                  ;
; SLD_NODE_PARAMETER_ASSIGNMENT       ; SLD_TRIGGER_LEVEL=1                                ; --            ; --            ; auto_signaltap_0                  ;
; SLD_NODE_PARAMETER_ASSIGNMENT       ; SLD_SAMPLE_DEPTH=128                               ; --            ; --            ; auto_signaltap_0                  ;
; SLD_NODE_PARAMETER_ASSIGNMENT       ; SLD_TRIGGER_IN_ENABLED=0                           ; --            ; --            ; auto_signaltap_0                  ;
; SLD_NODE_PARAMETER_ASSIGNMENT       ; SLD_TRIGGER_PIPELINE=0                             ; --            ; --            ; auto_signaltap_0                  ;
; SLD_NODE_PARAMETER_ASSIGNMENT       ; SLD_COUNTER_PIPELINE=0                             ; --            ; --            ; auto_signaltap_0                  ;
; SLD_NODE_PARAMETER_ASSIGNMENT       ; SLD_ADVANCED_TRIGGER_ENTITY=basic,1,               ; --            ; --            ; auto_signaltap_0                  ;
; SLD_NODE_PARAMETER_ASSIGNMENT       ; SLD_TRIGGER_LEVEL_PIPELINE=1                       ; --            ; --            ; auto_signaltap_0                  ;
; SLD_NODE_PARAMETER_ASSIGNMENT       ; SLD_ENABLE_ADVANCED_TRIGGER=0                      ; --            ; --            ; auto_signaltap_0                  ;
; SLD_NODE_PARAMETER_ASSIGNMENT       ; SLD_INVERSION_MASK=0000000000000000000000000000000 ; --            ; --            ; auto_signaltap_0                  ;
; SLD_NODE_PARAMETER_ASSIGNMENT       ; SLD_INVERSION_MASK_LENGTH=31                       ; --            ; --            ; auto_signaltap_0                  ;
; SLD_NODE_PARAMETER_ASSIGNMENT       ; SLD_SEGMENT_SIZE=32                                ; --            ; --            ; auto_signaltap_0                  ;
; SLD_NODE_PARAMETER_ASSIGNMENT       ; SLD_RAM_PIPELINE=2                                 ; --            ; --            ; auto_signaltap_0                  ;
; USE_SIGNALTAP_FILE                  ; keys.stp                                           ; --            ; --            ; --                                ;
+-------------------------------------+----------------------------------------------------+---------------+---------------+-----------------------------------+


+--------------------------------------------------------------------------------------------------------------------------+
; Flow Elapsed Time                                                                                                        ;
+----------------------+--------------+-------------------------+---------------------+------------------------------------+
; Module Name          ; Elapsed Time ; Average Processors Used ; Peak Virtual Memory ; Total CPU Time (on all processors) ;
+----------------------+--------------+-------------------------+---------------------+------------------------------------+
; Analysis & Synthesis ; 00:00:16     ; 1.0                     ; 4922 MB             ; 00:00:18                           ;
; Fitter               ; 00:01:28     ; 1.0                     ; 7902 MB             ; 00:02:11                           ;
; Assembler            ; 00:00:05     ; 1.0                     ; 4872 MB             ; 00:00:05                           ;
; Timing Analyzer      ; 00:00:05     ; 1.5                     ; 5323 MB             ; 00:00:05                           ;
; EDA Netlist Writer   ; 00:00:02     ; 1.0                     ; 4735 MB             ; 00:00:02                           ;
; Total                ; 00:01:56     ; --                      ; --                  ; 00:02:41                           ;
+----------------------+--------------+-------------------------+---------------------+------------------------------------+


+------------------------------------------------------------------------------------+
; Flow OS Summary                                                                    ;
+----------------------+------------------+------------+------------+----------------+
; Module Name          ; Machine Hostname ; OS Name    ; OS Version ; Processor type ;
+----------------------+------------------+------------+------------+----------------+
; Analysis & Synthesis ; Michaels-Laptop  ; Windows 10 ; 10.0       ; x86_64         ;
; Fitter               ; Michaels-Laptop  ; Windows 10 ; 10.0       ; x86_64         ;
; Assembler            ; Michaels-Laptop  ; Windows 10 ; 10.0       ; x86_64         ;
; Timing Analyzer      ; Michaels-Laptop  ; Windows 10 ; 10.0       ; x86_64         ;
; EDA Netlist Writer   ; Michaels-Laptop  ; Windows 10 ; 10.0       ; x86_64         ;
+----------------------+------------------+------------+------------+----------------+


------------
; Flow Log ;
------------
quartus_map --read_settings_files=on --write_settings_files=off keys -c keys
quartus_fit --read_settings_files=off --write_settings_files=off keys -c keys
quartus_asm --read_settings_files=off --write_settings_files=off keys -c keys
quartus_sta keys -c keys
quartus_eda --read_settings_files=off --write_settings_files=off keys -c keys



