Flow report for Lab6
Mon Nov 18 13:46:12 2024
Quartus Prime Version 23.1std.1 Build 993 05/14/2024 SC Lite Edition


---------------------
; Table of Contents ;
---------------------
  1. Legal Notice
  2. Flow Summary
  3. Flow Settings
  4. Flow Non-Default Global Settings
  5. Flow Elapsed Time
  6. Flow OS Summary
  7. Flow Log
  8. Flow Messages
  9. Flow Suppressed Messages



----------------
; Legal Notice ;
----------------
Copyright (C) 2024  Intel Corporation. All rights reserved.
Your use of Intel Corporation's design tools, logic functions 
and other software and tools, and any partner logic 
functions, and any output files from any of the foregoing 
(including device programming or simulation files), and any 
associated documentation or information are expressly subject 
to the terms and conditions of the Intel Program License 
Subscription Agreement, the Intel Quartus Prime License Agreement,
the Intel FPGA IP License Agreement, or other applicable license
agreement, including, without limitation, that your use is for
the sole purpose of programming logic devices manufactured by
Intel and sold by Intel or its authorized distributors.  Please
refer to the applicable agreement for further details, at
https://fpgasoftware.intel.com/eula.



+----------------------------------------------------------------------------------+
; Flow Summary                                                                     ;
+---------------------------------+------------------------------------------------+
; Flow Status                     ; Successful - Mon Nov 18 13:46:12 2024          ;
; Quartus Prime Version           ; 23.1std.1 Build 993 05/14/2024 SC Lite Edition ;
; Revision Name                   ; Lab6                                           ;
; Top-level Entity Name           ; TestReaction                                   ;
; Family                          ; Cyclone V                                      ;
; Device                          ; 5CSXFC6D6F31C6                                 ;
; Timing Models                   ; Final                                          ;
; Logic utilization (in ALMs)     ; 288 / 41,910 ( < 1 % )                         ;
; Total registers                 ; 607                                            ;
; Total pins                      ; 18 / 499 ( 4 % )                               ;
; Total virtual pins              ; 0                                              ;
; Total block memory bits         ; 768 / 5,662,720 ( < 1 % )                      ;
; Total DSP Blocks                ; 0 / 112 ( 0 % )                                ;
; Total HSSI RX PCSs              ; 0 / 9 ( 0 % )                                  ;
; Total HSSI PMA RX Deserializers ; 0 / 9 ( 0 % )                                  ;
; Total HSSI TX PCSs              ; 0 / 9 ( 0 % )                                  ;
; Total HSSI PMA TX Serializers   ; 0 / 9 ( 0 % )                                  ;
; Total PLLs                      ; 0 / 15 ( 0 % )                                 ;
; Total DLLs                      ; 0 / 4 ( 0 % )                                  ;
+---------------------------------+------------------------------------------------+


+-----------------------------------------+
; Flow Settings                           ;
+-------------------+---------------------+
; Option            ; Setting             ;
+-------------------+---------------------+
; Start date & time ; 11/18/2024 13:41:16 ;
; Main task         ; Compilation         ;
; Revision Name     ; Lab6                ;
+-------------------+---------------------+


+--------------------------------------------------------------------------------------------------------------------------------------------------------------------------------------------------------+
; Flow Non-Default Global Settings                                                                                                                                                                       ;
+-------------------------------------+----------------------------------------------------------------------------------------------+---------------+---------------+-----------------------------------+
; Assignment Name                     ; Value                                                                                        ; Default Value ; Entity Name   ; Section Id                        ;
+-------------------------------------+----------------------------------------------------------------------------------------------+---------------+---------------+-----------------------------------+
; COMPILER_SIGNATURE_ID               ; 91759208758.173196607643700                                                                  ; --            ; --            ; --                                ;
; EDA_GENERATE_FUNCTIONAL_NETLIST     ; Off                                                                                          ; --            ; --            ; eda_board_design_timing           ;
; EDA_GENERATE_FUNCTIONAL_NETLIST     ; Off                                                                                          ; --            ; --            ; eda_board_design_boundary_scan    ;
; EDA_GENERATE_FUNCTIONAL_NETLIST     ; Off                                                                                          ; --            ; --            ; eda_board_design_signal_integrity ;
; EDA_GENERATE_FUNCTIONAL_NETLIST     ; Off                                                                                          ; --            ; --            ; eda_board_design_symbol           ;
; EDA_OUTPUT_DATA_FORMAT              ; Vhdl                                                                                         ; --            ; --            ; eda_simulation                    ;
; EDA_SIMULATION_TOOL                 ; Questa Intel FPGA (VHDL)                                                                     ; <None>        ; --            ; --                                ;
; EDA_TIME_SCALE                      ; 1 ps                                                                                         ; --            ; --            ; eda_simulation                    ;
; ENABLE_SIGNALTAP                    ; On                                                                                           ; --            ; --            ; --                                ;
; PARTITION_COLOR                     ; -- (Not supported for targeted family)                                                       ; --            ; DE10_Standard ; Top                               ;
; PARTITION_COLOR                     ; -- (Not supported for targeted family)                                                       ; --            ; TestReaction  ; Top                               ;
; PARTITION_COLOR                     ; -- (Not supported for targeted family)                                                       ; --            ; de10          ; Top                               ;
; PARTITION_FITTER_PRESERVATION_LEVEL ; -- (Not supported for targeted family)                                                       ; --            ; DE10_Standard ; Top                               ;
; PARTITION_FITTER_PRESERVATION_LEVEL ; -- (Not supported for targeted family)                                                       ; --            ; TestReaction  ; Top                               ;
; PARTITION_FITTER_PRESERVATION_LEVEL ; -- (Not supported for targeted family)                                                       ; --            ; de10          ; Top                               ;
; PARTITION_NETLIST_TYPE              ; -- (Not supported for targeted family)                                                       ; --            ; DE10_Standard ; Top                               ;
; PARTITION_NETLIST_TYPE              ; -- (Not supported for targeted family)                                                       ; --            ; TestReaction  ; Top                               ;
; PARTITION_NETLIST_TYPE              ; -- (Not supported for targeted family)                                                       ; --            ; de10          ; Top                               ;
; PROJECT_OUTPUT_DIRECTORY            ; output_files                                                                                 ; --            ; --            ; --                                ;
; SLD_FILE                            ; db/stp_lab6_auto_stripped.stp                                                                ; --            ; --            ; --                                ;
; SLD_NODE_CREATOR_ID                 ; 110                                                                                          ; --            ; --            ; auto_signaltap_1                  ;
; SLD_NODE_ENTITY_NAME                ; sld_signaltap                                                                                ; --            ; --            ; auto_signaltap_1                  ;
; SLD_NODE_PARAMETER_ASSIGNMENT       ; SLD_RAM_BLOCK_TYPE=AUTO                                                                      ; --            ; --            ; auto_signaltap_1                  ;
; SLD_NODE_PARAMETER_ASSIGNMENT       ; SLD_NODE_INFO=805334529                                                                      ; --            ; --            ; auto_signaltap_1                  ;
; SLD_NODE_PARAMETER_ASSIGNMENT       ; SLD_POWER_UP_TRIGGER=0                                                                       ; --            ; --            ; auto_signaltap_1                  ;
; SLD_NODE_PARAMETER_ASSIGNMENT       ; SLD_STORAGE_QUALIFIER_INVERSION_MASK_LENGTH=0                                                ; --            ; --            ; auto_signaltap_1                  ;
; SLD_NODE_PARAMETER_ASSIGNMENT       ; SLD_SEGMENT_SIZE=32                                                                          ; --            ; --            ; auto_signaltap_1                  ;
; SLD_NODE_PARAMETER_ASSIGNMENT       ; SLD_ATTRIBUTE_MEM_MODE=OFF                                                                   ; --            ; --            ; auto_signaltap_1                  ;
; SLD_NODE_PARAMETER_ASSIGNMENT       ; SLD_STATE_FLOW_USE_GENERATED=0                                                               ; --            ; --            ; auto_signaltap_1                  ;
; SLD_NODE_PARAMETER_ASSIGNMENT       ; SLD_STATE_BITS=11                                                                            ; --            ; --            ; auto_signaltap_1                  ;
; SLD_NODE_PARAMETER_ASSIGNMENT       ; SLD_BUFFER_FULL_STOP=1                                                                       ; --            ; --            ; auto_signaltap_1                  ;
; SLD_NODE_PARAMETER_ASSIGNMENT       ; SLD_CURRENT_RESOURCE_WIDTH=1                                                                 ; --            ; --            ; auto_signaltap_1                  ;
; SLD_NODE_PARAMETER_ASSIGNMENT       ; SLD_INCREMENTAL_ROUTING=1                                                                    ; --            ; --            ; auto_signaltap_1                  ;
; SLD_NODE_PARAMETER_ASSIGNMENT       ; SLD_TRIGGER_LEVEL=3                                                                          ; --            ; --            ; auto_signaltap_1                  ;
; SLD_NODE_PARAMETER_ASSIGNMENT       ; SLD_SAMPLE_DEPTH=128                                                                         ; --            ; --            ; auto_signaltap_1                  ;
; SLD_NODE_PARAMETER_ASSIGNMENT       ; SLD_TRIGGER_IN_ENABLED=0                                                                     ; --            ; --            ; auto_signaltap_1                  ;
; SLD_NODE_PARAMETER_ASSIGNMENT       ; SLD_TRIGGER_PIPELINE=0                                                                       ; --            ; --            ; auto_signaltap_1                  ;
; SLD_NODE_PARAMETER_ASSIGNMENT       ; SLD_COUNTER_PIPELINE=0                                                                       ; --            ; --            ; auto_signaltap_1                  ;
; SLD_NODE_PARAMETER_ASSIGNMENT       ; SLD_ADVANCED_TRIGGER_ENTITY=basic,1,basic,1,basic,1,                                         ; --            ; --            ; auto_signaltap_1                  ;
; SLD_NODE_PARAMETER_ASSIGNMENT       ; SLD_TRIGGER_LEVEL_PIPELINE=1                                                                 ; --            ; --            ; auto_signaltap_1                  ;
; SLD_NODE_PARAMETER_ASSIGNMENT       ; SLD_ENABLE_ADVANCED_TRIGGER=0                                                                ; --            ; --            ; auto_signaltap_1                  ;
; SLD_NODE_PARAMETER_ASSIGNMENT       ; SLD_DATA_BITS=6                                                                              ; --            ; --            ; auto_signaltap_1                  ;
; SLD_NODE_PARAMETER_ASSIGNMENT       ; SLD_TRIGGER_BITS=6                                                                           ; --            ; --            ; auto_signaltap_1                  ;
; SLD_NODE_PARAMETER_ASSIGNMENT       ; SLD_STORAGE_QUALIFIER_BITS=6                                                                 ; --            ; --            ; auto_signaltap_1                  ;
; SLD_NODE_PARAMETER_ASSIGNMENT       ; SLD_INVERSION_MASK=0000000000000000000000000000000000000000000000000000000000000000000000000 ; --            ; --            ; auto_signaltap_1                  ;
; SLD_NODE_PARAMETER_ASSIGNMENT       ; SLD_INVERSION_MASK_LENGTH=73                                                                 ; --            ; --            ; auto_signaltap_1                  ;
; SLD_NODE_PARAMETER_ASSIGNMENT       ; SLD_RAM_PIPELINE=3                                                                           ; --            ; --            ; auto_signaltap_1                  ;
; TOP_LEVEL_ENTITY                    ; TestReaction                                                                                 ; Lab6          ; --            ; --                                ;
; USE_SIGNALTAP_FILE                  ; output_files/stp_lab6.stp                                                                    ; --            ; --            ; --                                ;
+-------------------------------------+----------------------------------------------------------------------------------------------+---------------+---------------+-----------------------------------+


+--------------------------------------------------------------------------------------------------------------------------+
; Flow Elapsed Time                                                                                                        ;
+----------------------+--------------+-------------------------+---------------------+------------------------------------+
; Module Name          ; Elapsed Time ; Average Processors Used ; Peak Virtual Memory ; Total CPU Time (on all processors) ;
+----------------------+--------------+-------------------------+---------------------+------------------------------------+
; Analysis & Synthesis ; 00:00:26     ; 1.0                     ; 4966 MB             ; 00:00:31                           ;
; Fitter               ; 00:04:08     ; 1.0                     ; 7881 MB             ; 00:07:46                           ;
; Assembler            ; 00:00:07     ; 1.0                     ; 4871 MB             ; 00:00:04                           ;
; Timing Analyzer      ; 00:00:07     ; 1.9                     ; 5336 MB             ; 00:00:06                           ;
; EDA Netlist Writer   ; 00:00:03     ; 1.0                     ; 4729 MB             ; 00:00:01                           ;
; Total                ; 00:04:51     ; --                      ; --                  ; 00:08:28                           ;
+----------------------+--------------+-------------------------+---------------------+------------------------------------+


+------------------------------------------------------------------------------------+
; Flow OS Summary                                                                    ;
+----------------------+------------------+------------+------------+----------------+
; Module Name          ; Machine Hostname ; OS Name    ; OS Version ; Processor type ;
+----------------------+------------------+------------+------------+----------------+
; Analysis & Synthesis ; Michaels-Laptop  ; Windows 10 ; 10.0       ; x86_64         ;
; Fitter               ; Michaels-Laptop  ; Windows 10 ; 10.0       ; x86_64         ;
; Assembler            ; Michaels-Laptop  ; Windows 10 ; 10.0       ; x86_64         ;
; Timing Analyzer      ; Michaels-Laptop  ; Windows 10 ; 10.0       ; x86_64         ;
; EDA Netlist Writer   ; Michaels-Laptop  ; Windows 10 ; 10.0       ; x86_64         ;
+----------------------+------------------+------------+------------+----------------+


------------
; Flow Log ;
------------
quartus_map --read_settings_files=on --write_settings_files=off Lab6 -c Lab6
quartus_fit --read_settings_files=off --write_settings_files=off Lab6 -c Lab6
quartus_asm --read_settings_files=off --write_settings_files=off Lab6 -c Lab6
quartus_sta Lab6 -c Lab6
quartus_eda --read_settings_files=off --write_settings_files=off Lab6 -c Lab6



